make all --print-data-base --no-builtin-variables --no-builtin-rules --question
# GNU Make 3.81
# Copyright (C) 2006  Free Software Foundation, Inc.
# This is free software; see the source for copying conditions.
# There is NO warranty; not even for MERCHANTABILITY or FITNESS FOR A
# PARTICULAR PURPOSE.

# This program built for i386-apple-darwin11.3.0

# Make data base, printed on Sat Aug 31 19:54:26 2024

# Variables

# automatic
<D = $(patsubst %/,%,$(dir $<))
# automatic
?F = $(notdir $?)
# environment
VSCODE_CRASH_REPORTER_PROCESS_TYPE = extensionHost
# environment
LC_CTYPE = UTF-8
# automatic
?D = $(patsubst %/,%,$(dir $?))
# automatic
@D = $(patsubst %/,%,$(dir $@))
# automatic
@F = $(notdir $@)
# makefile
CURDIR := /Users/tigpetro/Desktop/42cursus/CPP/C++ module 0/ex02
# makefile
SHELL = /bin/sh
# environment
VSCODE_NLS_CONFIG = {"locale":"en-us","osLocale":"en","availableLanguages":{},"_languagePackSupport":true}
# environment
_ = /usr/bin/make
# makefile (from `Makefile', line 14)
CFLAGS = -Wall -Wextra -Werror $(foreach H, $(INCLPATH), -I$(H))
# makefile (from `Makefile', line 1)
MAKEFILE_LIST :=  Makefile
# makefile (from `Makefile', line 12)
OBJS = $(patsubst $(SRCSPATH)%.cpp, $(SRCSPATH)%.o, $(SRCS))
# makefile (from `Makefile', line 7)
CPP = c++ -std=c++98
# environment
VSCODE_CWD = /
# environment
Apple_PubSub_Socket_Render = /private/tmp/com.apple.launchd.1jJF65bxpf/Render
# environment
PATH = /usr/local/bin:/usr/bin:/bin:/usr/sbin:/sbin:/usr/local/munki:/Library/Frameworks/Mono.framework/Versions/Current/Commands
# environment
LSCOLORS = Gxfxcxdxbxegedabagacad
# environment
ELECTRON_RUN_AS_NODE = 1
# default
.FEATURES := target-specific order-only second-expansion else-if archives jobserver check-symlink
# environment
LS_COLORS = di=1;36:ln=35:so=32:pi=33:ex=31:bd=34;46:cd=34;43:su=30;41:sg=30;46:tw=30;42:ow=30;43
# environment
SSH_AUTH_SOCK = /private/tmp/com.apple.launchd.a8geequbXT/Listeners
# automatic
%F = $(notdir $%)
# environment
PWD = /Users/tigpetro/Desktop/42cursus/CPP/C++ module 0/ex02
# environment
ORIGINAL_XDG_CURRENT_DESKTOP = undefined
# makefile (from `Makefile', line 2)
GREEN = \033[1;32m
# environment
VSCODE_AMD_ENTRYPOINT = vs/workbench/api/node/extensionHostProcess
# environment
HOME = /Users/tigpetro
# default
MAKEFILEPATH := /Applications/Xcode.app/Contents/Developer/Makefiles
# environment
VSCODE_CODE_CACHE_PATH = /Users/tigpetro/Library/Application Support/Code/CachedData/abd2f3db4bdb28f9e95536dfa84d8479f1eb312d
# environment
LOGNAME = tigpetro
# environment
APPLICATION_INSIGHTS_NO_DIAGNOSTIC_CHANNEL = true
# environment
ZSH = /Users/tigpetro/.oh-my-zsh
# environment
VSCODE_HANDLES_UNCAUGHT_ERRORS = true
# automatic
^D = $(patsubst %/,%,$(dir $^))
# environment
XPC_FLAGS = 0x0
# environment
COLORTERM = truecolor
# default
MAKE = $(MAKE_COMMAND)
# default
MAKECMDGOALS := all
# makefile (from `Makefile', line 11)
SRCS = $(wildcard $(SRCSPATH)*.cpp)
# environment
SHLVL = 2
# makefile (from `Makefile', line 5)
SKY = \033[1;36m
# default
MAKE_VERSION := 3.81
# environment
USER = tigpetro
# makefile
.DEFAULT_GOAL := all
# environment
TERM_SESSION_ID = w0t0p0:F1F96D19-CE8E-4F50-B346-A6F547534742
# makefile (from `Makefile', line 16)
NAME = find_accounts
# environment
LESS = -R
# automatic
%D = $(patsubst %/,%,$(dir $%))
# default
MAKE_COMMAND := /Applications/Xcode.app/Contents/Developer/usr/bin/make
# environment
TERM_PROGRAM = iTerm.app
# default
.VARIABLES := 
# environment
TMPDIR = /var/folders/zz/zyxvpxvq6csfxvn_n000cjk40034cj/T/
# automatic
*F = $(notdir $*)
# environment
VSCODE_IPC_HOOK = /Users/tigpetro/Library/Application Support/Code/1.82-main.sock
# environment
MallocNanoZone = 0
# makefile (from `Makefile', line 1)
RED = \033[1;31m
# makefile
MAKEFLAGS = Rrqp
# environment
MFLAGS = -Rrqp
# automatic
*D = $(patsubst %/,%,$(dir $*))
# environment
TERM_PROGRAM_VERSION = 3.2.5
# environment
XPC_SERVICE_NAME = com.microsoft.VSCode.2476
# automatic
+D = $(patsubst %/,%,$(dir $+))
# makefile (from `Makefile', line 3)
YELLOW = \033[1;33m
# automatic
+F = $(notdir $+)
# environment
ITERM_SESSION_ID = w0t0p0:F1F96D19-CE8E-4F50-B346-A6F547534742
# environment
COLORFGBG = 7;0
# environment
__CF_USER_TEXT_ENCODING = 0x19191:0:0
# environment
COMMAND_MODE = unix2003
# default
MAKEFILES := 
# makefile (from `Makefile', line 8)
SRCSPATH = ./
# automatic
<F = $(notdir $<)
# environment
ITERM_PROFILE = Default
# environment
PAGER = less
# environment
LC_ALL = C
# makefile (from `Makefile', line 4)
RESET = \033[0;37m
# environment
SECURITYSESSIONID = 186a7
# automatic
^F = $(notdir $^)
# default
SUFFIXES := 
# makefile (from `Makefile', line 9)
INCLPATH = ./
# default
.INCLUDE_DIRS = /usr/local/include
# environment
MAKELEVEL := 0
# environment
LANG = C
# environment
TERM = xterm-256color
# environment
VSCODE_PID = 52140
# variable set hash-table stats:
# Load=86/1024=8%, Rehash=0, Collisions=4/119=3%

# Pattern-specific Variable Values

# No pattern-specific variable values.

# Directories

# . (device 16777224, inode 1545930): 10 files, no impossibilities.

# 10 files, no impossibilities in 1 directories.

# Implicit Rules

%.o: ./%.cpp
#  commands to execute (from `Makefile', line 25):
	@$(CPP) $(CFLAGS) -c $< -o $@
	@echo "$(YELLOW) Object files have been created $(RESET)"
	

# 1 implicit rules, 0 (0.0%) terminal.

# Files

all: find_accounts
#  Phony target (prerequisite of .PHONY).
#  Command-line target.
#  Implicit rule search has not been done.
#  File does not exist.
#  File has been updated.
#  Successfully updated.
# variable set hash-table stats:
# Load=0/32=0%, Rehash=0, Collisions=0/0=0%

.PHONY: all clean fclean re
#  Implicit rule search has not been done.
#  Modification time never checked.
#  File has not been updated.

# Not a target:
Account.cpp:
#  Implicit rule search has been done.
#  Last modified 2024-08-30 19:05:04
#  File has been updated.
#  Successfully updated.
# variable set hash-table stats:
# Load=0/32=0%, Rehash=0, Collisions=0/0=0%

tests.o: tests.cpp
#  Implicit rule search has been done.
#  Implicit/static pattern stem: `tests'
#  Last modified 2024-08-31 19:54:02
#  File has been updated.
#  Successfully updated.
# variable set hash-table stats:
# Load=0/32=0%, Rehash=0, Collisions=0/0=0%
#  commands to execute (from `Makefile', line 25):
	@$(CPP) $(CFLAGS) -c $< -o $@
	@echo "$(YELLOW) Object files have been created $(RESET)"
	

# Not a target:
.SUFFIXES:
#  Implicit rule search has not been done.
#  Modification time never checked.
#  File has not been updated.

# Not a target:
Makefile:
#  Implicit rule search has been done.
#  Last modified 2024-08-30 19:04:35
#  File has been updated.
#  Successfully updated.
# variable set hash-table stats:
# Load=0/32=0%, Rehash=0, Collisions=0/0=0%

fclean: clean
#  Phony target (prerequisite of .PHONY).
#  Implicit rule search has not been done.
#  File does not exist.
#  File has not been updated.
#  commands to execute (from `Makefile', line 33):
	@rm -f $(NAME)
	@echo "$(RED) Executable file has been deleted $(RESET)"
	

Account.o: Account.cpp
#  Implicit rule search has been done.
#  Implicit/static pattern stem: `Account'
#  Last modified 2024-08-31 19:54:02
#  File has been updated.
#  Successfully updated.
# variable set hash-table stats:
# Load=0/32=0%, Rehash=0, Collisions=0/0=0%
#  commands to execute (from `Makefile', line 25):
	@$(CPP) $(CFLAGS) -c $< -o $@
	@echo "$(YELLOW) Object files have been created $(RESET)"
	

# Not a target:
.DEFAULT:
#  Implicit rule search has not been done.
#  Modification time never checked.
#  File has not been updated.

find_accounts: Account.o tests.o
#  Implicit rule search has not been done.
#  Last modified 2024-08-31 19:54:02
#  File has been updated.
#  Successfully updated.
# variable set hash-table stats:
# Load=0/32=0%, Rehash=0, Collisions=0/0=0%
#  commands to execute (from `Makefile', line 21):
	@$(CPP) $^ -o $@
	@echo "$(GREEN) Executable file has been created $(RESET)"
	

re: fclean all
#  Phony target (prerequisite of .PHONY).
#  Implicit rule search has not been done.
#  File does not exist.
#  File has not been updated.

clean:
#  Phony target (prerequisite of .PHONY).
#  Implicit rule search has not been done.
#  File does not exist.
 
#  File has not been updated.
#  commands to execute (from `Makefile', line 29):
	@rm -f $(OBJS)
	@echo "$(RED) Object files have been deleted $(RESET)"
	

# Not a target:
tests.cpp:
#  Implicit rule search has been done.
#  Last modified 2024-08-30 17:41:42
#  File has been updated.
#  Successfully updated.
# variable set hash-table stats:
# Load=0/32=0%, Rehash=0, Collisions=0/0=0%

# files hash-table stats:
# Load=13/1024=1%, Rehash=0, Collisions=0/42=0%
# VPATH Search Paths

# No `vpath' search paths.

# No general (`VPATH' variable) search path.

# # of strings in strcache: 1
# # of strcache buffers: 1
# strcache size: total = 4096 / max = 4096 / min = 4096 / avg = 4096
# strcache free: total = 4087 / max = 4087 / min = 4087 / avg = 4087

# Finished Make data base on Sat Aug 31 19:54:26 2024

 
