make.exe all --print-data-base --no-builtin-variables --no-builtin-rules --question
# GNU Make 4.4.1
# Built for Windows32
# Copyright (C) 1988-2023 Free Software Foundation, Inc.
# License GPLv3+: GNU GPL version 3 or later <https://gnu.org/licenses/gpl.html>
# This is free software: you are free to change and redistribute it.
# There is NO WARRANTY, to the extent permitted by law.

# Make data base, printed on Wed Nov 27 01:11:55 2024

# Variables

# environment
SYSTEMDRIVE = C:
# environment
LC_ALL = C
# environment
USERPROFILE = C:\Users\Admin
# environment
DEVECOSTUDIO_VM_OPTIONS = C:\Users\Admin\Downloads\JetBrains PyCharm Professional 2022.2.3\ja-netfilter-all\vmoptions\devecostudio.vmoptions
# environment
LOCALAPPDATA = C:\Users\Admin\AppData\Local
# environment
WSLENV = ELECTRON_RUN_AS_NODE/w:
# environment
VSCODE_CRASH_REPORTER_PROCESS_TYPE = extensionHost
# environment
VSCODE_CWD = C:\Users\Admin\Desktop\kali\CPP\C++ module 6\ex00
# environment
CHOCOLATEYINSTALL = C:\ProgramData\chocolatey
# environment
SYSTEMROOT = C:\Windows
# environment
PROCESSOR_LEVEL = 6
# environment
PSMODULEPATH = C:\Program Files\WindowsPowerShell\Modules;C:\Windows\system32\WindowsPowerShell\v1.0\Modules
# default
MAKE_COMMAND := C:/ProgramData/chocolatey/lib/make/tools/install/bin/make.exe
# automatic
@D = $(patsubst %/,%,$(patsubst %\,%,$(dir $@)))
# environment
CHROME_CRASHPAD_PIPE_NAME = \\.\pipe\crashpad_4952_YBAAVCCBLEGQMBOA
# environment
STUDIO_VM_OPTIONS = C:\Users\Admin\Downloads\JetBrains PyCharm Professional 2022.2.3\ja-netfilter-all\vmoptions\studio.vmoptions
# environment
VSCODE_HANDLES_UNCAUGHT_ERRORS = true
# default
.VARIABLES := 
# automatic
%D = $(patsubst %/,%,$(patsubst %\,%,$(dir $%)))
# environment
IGCCSVC_DB = AQAAANCMnd8BFdERjHoAwE/Cl+sBAAAA//ET5yI6JU+4QD3ZHGzy5gQAAAACAAAAAAAQZgAAAAEAACAAAACNtdBmnsfM9lLQQA3V9nkdqkQxVlVJvr4M8FTGUI1J+wAAAAAOgAAAAAIAACAAAAAEodHRNwTocJjvX8am2Jr3adXKjunPcntqocmijGHmLWAAAACy1uycuNlEclGN1168K4e4cparT3E/RYPw8kEiTP+WGcUb/6D/5j2dvEp4rzDSPxq2wttTInPmxQaGoCXWkwJ8N9YSyMwXTgEK3iuvz/kYXikPTCm/XB4lDLDOrd+W/jRAAAAAvPflXj+DX8BgixGzTZ3/Bx+MXkYV6fpRgwVuSk+fgr8aD0edJFmynx 
ins35M55oLjdNYLTKd1aoMGHPfOyeqbw==
# automatic
^D = $(patsubst %/,%,$(patsubst %\,%,$(dir $^)))
# automatic
%F = $(notdir $%)
# environment
VSCODE_CODE_CACHE_PATH = C:\Users\Admin\AppData\Roaming\Code\CachedData\f1a4fb101478ce6ec82fe9627c43efbf9e98c813
# environment
LANG = C
# default
.LOADED := 
# environment
TMP = C:\Users\Admin\AppData\Local\Temp
# default
.INCLUDE_DIRS := .
# environment
PROCESSOR_ARCHITEW6432 = AMD64
# makefile
MAKEFLAGS = pqrR
# environment
GOLAND_VM_OPTIONS = C:\Users\Admin\Downloads\JetBrains PyCharm Professional 2022.2.3\ja-netfilter-all\vmoptions\goland.vmoptions
# environment
ONEDRIVE = C:\Users\Admin\OneDrive
# makefile
CURDIR := c:/Users/Admin/Desktop/kali/CPP/C++ module 6/ex00
# makefile (from 'Makefile', line 11)
SRCS = $(wildcard $(SRCSPATH)*.cpp)
# environment
VSCODE_L10N_BUNDLE_LOCATION = 
# automatic
*D = $(patsubst %/,%,$(patsubst %\,%,$(dir $*)))
# environment
PROGRAMFILES = C:\Program Files (x86)
# environment
JETBRAINSCLIENT_VM_OPTIONS = C:\Users\Admin\Downloads\JetBrains PyCharm Professional 2022.2.3\ja-netfilter-all\vmoptions\jetbrainsclient.vmoptions
# environment
MFLAGS = -pqrR
# default
.SHELLFLAGS := -c
# environment
COMMONPROGRAMW6432 = C:\Program Files\Common Files
# automatic
+D = $(patsubst %/,%,$(patsubst %\,%,$(dir $+)))
# makefile (from 'Makefile', line 1)
MAKEFILE_LIST := Makefile
# automatic
@F = $(notdir $@)
# environment
VSCODE_PID = 4952
# automatic
?D = $(patsubst %/,%,$(patsubst %\,%,$(dir $?)))
# environment
CLION_VM_OPTIONS = C:\Users\Admin\Downloads\JetBrains PyCharm Professional 2022.2.3\ja-netfilter-all\vmoptions\clion.vmoptions
# automatic
*F = $(notdir $*)
# environment
APPCODE_VM_OPTIONS = C:\Users\Admin\Downloads\JetBrains PyCharm Professional 2022.2.3\ja-netfilter-all\vmoptions\appcode.vmoptions
# automatic
<D = $(patsubst %/,%,$(patsubst %\,%,$(dir $<)))
# makefile (from 'Makefile', line 8)
SRCSPATH = ./
# environment
VSCODE_NLS_CONFIG = {"userLocale":"en-us","osLocale":"en-us","resolvedLanguage":"en","defaultMessagesFile":"C:\\Users\\Admin\\AppData\\Local\\Programs\\Microsoft VS Code\\resources\\app\\out\\nls.messages.json","locale":"en-us","availableLanguages":{}}
# default
MAKE_HOST := Windows32
# makefile (from 'Makefile', line 12)
OBJS = $(patsubst $(SRCSPATH)%.cpp, $(SRCSPATH)%.o, $(SRCS))
# environment
PROGRAMDATA = C:\ProgramData
# default
SHELL := sh.exe
# environment
HOMEPATH = \Users\Admin
# default
MAKECMDGOALS := all
# environment
DRIVERDATA = C:\Windows\System32\Drivers\DriverData
# environment
COMSPEC = C:\Windows\system32\cmd.exe
# environment
WINDIR = C:\Windows
# environment
PHPSTORM_VM_OPTIONS = C:\Users\Admin\Downloads\JetBrains PyCharm Professional 2022.2.3\ja-netfilter-all\vmoptions\phpstorm.vmoptions
# environment
RUBYMINE_VM_OPTIONS = C:\Users\Admin\Downloads\JetBrains PyCharm Professional 2022.2.3\ja-netfilter-all\vmoptions\rubymine.vmoptions
# environment
MAKELEVEL := 0
# default
MAKE = $(MAKE_COMMAND)
# environment
PATH = C:\Windows\system32;C:\Windows;C:\Windows\System32\Wbem;C:\Windows\System32\WindowsPowerShell\v1.0\;C:\Windows\System32\OpenSSH\;C:\Program Files\nodejs\;C:\Program Files (x86)\NVIDIA Corporation\PhysX\Common;C:\Program Files\NVIDIA Corporation\NVIDIA NvDLISR;C:\Program Files\Git\cmd;C:\Program Files\dotnet\;C:\ProgramData\chocolatey\bin;C:\Program Files\Docker\Docker\resources\bin;C:\Users\Admin\AppData\Local\Programs\Python\Python311\Scripts\;C:\Users\Admin\AppData\Local\Programs\Python\Python311\;C:\Users\Admin\AppData\Local\Microsoft\WindowsApps;C:\Program Files\JetBrains\PyCharm 2022.2\bin;C:\Users\Admin\AppData\Local\Programs\Microsoft VS Code\bin;C:\Users\Admin\AppData\Roaming\npm;C:\MinGW\bin;C:\Users\Admin\.dotnet\tools
# environment
ZES_ENABLE_SYSMAN = 1
# environment
COMPUTERNAME = DESKTOP-A83LH2U
# default
MAKEFILES := 
# automatic
^F = $(notdir $^)
# environment
PYCHARM = C:\Program Files\JetBrains\PyCharm 2022.2\bin;
# makefile (from 'Makefile', line 3)
YELLOW = \033[1;33m
# environment
PROMPT = $P$G
# environment
CHOCOLATEYLASTPATHUPDATE = 133623206307070118
# environment
WEBIDE_VM_OPTIONS = C:\Users\Admin\Downloads\JetBrains PyCharm Professional 2022.2.3\ja-netfilter-all\vmoptions\webide.vmoptions
# environment
PYCHARM_VM_OPTIONS = C:\Users\Admin\Downloads\JetBrains PyCharm Professional 2022.2.3\ja-netfilter-all\vmoptions\pycharm.vmoptions
# environment
RIDER_VM_OPTIONS = C:\Users\Admin\Downloads\JetBrains PyCharm Professional 2022.2.3\ja-netfilter-all\vmoptions\rider.vmoptions
# environment
IDEA_VM_OPTIONS = C:\Users\Admin\Downloads\JetBrains PyCharm Professional 2022.2.3\ja-netfilter-all\vmoptions\idea.vmoptions
# makefile (from 'Makefile', line 7)
CPP = c++ -std=c++98
# environment
LOGONSERVER = \\DESKTOP-A83LH2U
# environment
USERNAME = Admin
# makefile (from 'Makefile', line 2)
GREEN = \033[1;32m
# environment
COMMONPROGRAMFILES = C:\Program Files (x86)\Common Files
# automatic
?F = $(notdir $?)
# environment
PROGRAMW6432 = C:\Program Files
# makefile (from 'Makefile', line 16)
NAME = convert
# environment
DATAGRIP_VM_OPTIONS = C:\Users\Admin\Downloads\JetBrains PyCharm Professional 2022.2.3\ja-netfilter-all\vmoptions\datagrip.vmoptions
# environment
PATHEXT = .COM;.EXE;.BAT;.CMD;.VBS;.VBE;.JS;.JSE;.WSF;.WSH;.MSC
# environment
WEBSTORM_VM_OPTIONS = C:\Users\Admin\Downloads\JetBrains PyCharm Professional 2022.2.3\ja-netfilter-all\vmoptions\webstorm.vmoptions
# automatic
+F = $(notdir $+)
# environment
ORIGINAL_XDG_CURRENT_DESKTOP = undefined
# environment
USERDOMAIN = DESKTOP-A83LH2U
# 'override' directive
GNUMAKEFLAGS := 
# environment
OS = Windows_NT
# environment
DATASPELL_VM_OPTIONS = C:\Users\Admin\Downloads\JetBrains PyCharm Professional 2022.2.3\ja-netfilter-all\vmoptions\dataspell.vmoptions
# makefile
.DEFAULT_GOAL := all
# makefile (from 'Makefile', line 1)
RED = \033[1;31m
# default
MAKE_VERSION := 4.4.1
# makefile (from 'Makefile', line 9)
INCLPATH = ./
# environment
PROGRAMFILES(X86) = C:\Program Files (x86)
# environment
USERDOMAIN_ROAMINGPROFILE = DESKTOP-A83LH2U
# environment
NUMBER_OF_PROCESSORS = 12
# environment
PUBLIC = C:\Users\Public
# environment
JETBRAINS_CLIENT_VM_OPTIONS = C:\Users\Admin\Downloads\JetBrains PyCharm Professional 2022.2.3\ja-netfilter-all\vmoptions\jetbrains_client.vmoptions
# makefile (from 'Makefile', line 4)
RESET = \033[0;37m
# environment
APPDATA = C:\Users\Admin\AppData\Roaming
# makefile (from 'Makefile', line 14)
CFLAGS = -Wall -Wextra -Werror $(foreach H, $(INCLPATH), -I$(H))
# environment
HOMEDRIVE = C:
# makefile (from 'Makefile', line 5)
SKY = \033[1;36m
# environment
PROCESSOR_ARCHITECTURE = x86
# environment
COMMONPROGRAMFILES(X86) = C:\Program Files (x86)\Common Files
# environment
ELECTRON_RUN_AS_NODE = 1
# environment
TEMP = C:\Users\Admin\AppData\Local\Temp
# environment
VSCODE_IPC_HOOK = \\.\pipe\6dad4cc6-1.95.3-main-sock
# default
.RECIPEPREFIX := 
# automatic
<F = $(notdir $<)
# default
SUFFIXES := 
# environment
ALLUSERSPROFILE = C:\ProgramData
# environment
VSCODE_CLI = 1
# environment
ELECTRON_NO_ATTACH_CONSOLE = 1
# default
.FEATURES := target-specific order-only second-expansion else-if shortest-stem undefine oneshell nocomment grouped-target extra-prereqs notintermediate shell-export archives jobserver output-sync load dospaths
# environment
PROCESSOR_REVISION = 8d01
# environment
GATEWAY_VM_OPTIONS = C:\Users\Admin\Downloads\JetBrains PyCharm Professional 2022.2.3\ja-netfilter-all\vmoptions\gateway.vmoptions
# environment
VSCODE_ESM_ENTRYPOINT = vs/workbench/api/node/extensionHostProcess
# environment
PROCESSOR_IDENTIFIER = Intel64 Family 6 Model 141 Stepping 1, GenuineIntel
# variable set hash-table stats:
# Load=124/1024=12%, Rehash 
=0, Collisions=12/161=7%

# Pattern-specific Variable Values

# No pattern-specific variable values.

# Directories

# . (key c:/Users/Admin/Desktop/kali/CPP/C++ module 6/ex00, mtime 1732654869): 10 files, no impossibilities.

# 10 files, no impossibilities in 1 directories.

# Implicit Rules

%.o: %.cpp
#  recipe to execute (from 'Makefile', line 25):
	@$(CPP) $(CFLAGS) -c $< -o $@
	@echo "$(YELLOW) Object files have been created $(RESET)"

# 1 implicit rules, 0 (0.0%) terminal.
# Files

# Not a target:
ScalarConverter.cpp:
#  Implicit rule search has been done.
#  File is secondary (prerequisite of .SECONDARY).
#  Last modified 2024-11-27 01:01:08
#  File has been updated.
#  Successfully updated.

convert: ScalarConverter.o main.o
#  Implicit rule search has not been done.
#  File is secondary (prerequisite of .SECONDARY).
#  Last modified 2024-11-27 01:01:09
#  File has been updated.
#  Successfully updated.
#  recipe to execute (from 'Makefile', line 21):
	@$(CPP) $^ -o $@
	@echo "$(GREEN) Executable file has been created $(RESET)"

# Not a target:
Makefile:
#  Implicit rule search has been done.
#  File is secondary (prerequisite of .SECONDARY).
#  Last modified 2024-11-26 23:46:30
#  File has been updated.
#  Successfully updated.

clean:
#  Phony target (prerequisite of .PHONY).
#  Implicit rule search has not been done.
#  File does not exist.
#  File has not been updated.
#  recipe to execute (from 'Makefile', line 29):
	@rm -f $(OBJS)
	@echo "$(RED) Object files have been deleted $(RESET)"

re: fclean all
#  Phony target (prerequisite of .PHONY).
#  Implicit rule search has not been done.
#  File does not exist.
#  File has not been updated.

# Not a target:
.DEFAULT:
#  Implicit rule search has not been done.
#  Modification time never checked.
#  File has not been updated.

all: convert
#  Phony target (prerequisite of .PHONY).
#  Command line target.
#  Implicit rule search has not been done.
#  File does not exist.
#  File has been updated.
#  Successfully updated.

fclean: clean
#  Phony target (prerequisite of .PHONY).
#  Implicit rule search has not been done.
#  File does not exist.
#  File has not been updated.
#  recipe to execute (from 'Makefile', line 33):
	@rm -f $(NAME)
	@echo "$(RED) Executable file has been deleted $(RESET)"

# Not a target:
main.cpp:
#  Implicit rule search has been done.
#  File is secondary (prerequisite of .SECONDARY).
#  Last modified 2024-11-26 23:37:58
#  File has been updated.
#  Successfully updated.

main.o: main.cpp
#  Implicit rule search has been done.
#  Implicit/static pattern stem: 'main'
#  File is secondary (prerequisite of .SECONDARY).
#  Last modified 2024-11-27 00:15:43
#  File has been updated.
#  Successfully updated.
#  recipe to execute (from 'Makefile', line 25):
	@$(CPP) $(CFLAGS) -c $< -o $@
	@echo "$(YELLOW) Object files have been created $(RESET)"

ScalarConverter.o: ScalarConverter.cpp
#  Implicit rule search has been done.
#  Implicit/static pattern stem: 'ScalarConverter'
#  File is secondary (prerequisite of .SECONDARY).
#  Last modified 2024-11-27 01:01:09
#  File has been updated.
#  Successfully updated.
#  recipe to execute (from 'Makefile', line 25):
	@$(CPP) $(CFLAGS) -c $< -o $@
	@echo "$(YELLOW) Object files have been created $(RESET)"

.PHONY: all clean fclean re
#  Implicit rule search has not been done.
#  Modification time never checked.
#  File has not been updated.

# files hash-table stats:
# Load=13/1024=1%, Rehash=0, Collisions=0/42=0%
# VPATH Search Paths

# No 'vpath' search paths.

# No general ('VPATH' variable) search path.

# strcache buffers: 1 (0) / strings = 21 / storage = 181 B / avg = 8 B
# current buf: size = 8174 B / used = 181 B / count = 21 / avg = 8 B

# strcache performance: lookups = 47 / hit rate = 55%
# hash-table stats:
# Load=21/8192=0%, Rehash=0, Collisions=0/47=0%
# Finished Make data base on Wed Nov 27 01:11:55 2024

 
