make all --print-data-base --no-builtin-variables --no-builtin-rules --question
# GNU Make 3.81
# Copyright (C) 2006  Free Software Foundation, Inc.
# This is free software; see the source for copying conditions.
# There is NO warranty; not even for MERCHANTABILITY or FITNESS FOR A
# PARTICULAR PURPOSE.

# This program built for i386-apple-darwin11.3.0
 

# Make data base, printed on Thu Aug 29 21:02:11 2024

# Variables

# automatic
<D = $(patsubst %/,%,$(dir $<))
# automatic
?F = $(notdir $?)
# environment
VSCODE_CRASH_REPORTER_PROCESS_TYPE = extensionHost
# automatic
?D = $(patsubst %/,%,$(dir $?))
# automatic
@D = $(patsubst %/,%,$(dir $@))
 
# automatic
@F = $(notdir $@)
# makefile
CURDIR := /Users/tigpetro/Desktop/42cursus/CPP/C++ module 0/ex00
# makefile
SHELL = /bin/sh
# environment
VSCODE_NLS_CONFIG = {"locale":"en-us","osLocale":"en","availableLanguages":{},"_languagePackSupport":true}
# environment
_ = /usr/bin/make
# makefile (from `Makefile', line 13)
CFLAGS = -Wall -Wextra -Werror
# makefile (from `Makefile', line 1)
MAKEFILE_LIST :=  Makefile
# makefile (from `Makefile', line 11)
OBJS = $(patsubst $(SRCSPATH)%.cpp, $(SRCSPATH)%.o, $(SRCS))
# makefile (from `Makefile', line 7)
CPP = c++ -std=c++98
# environment
VSCODE_CWD = /
# environment
Apple_PubSub_Socket_Render = /private/tmp/com.apple.launchd.GQqRHjcCL1/Render
# environment
PATH = /usr/local/bin:/usr/bin:/bin:/usr/sbin:/sbin:/usr/local/munki:/Library/Frameworks/Mono.framework/Versions/Current/Commands
# environment
LSCOLORS = Gxfxcxdxbxegedabagacad
# environment
ELECTRON_RUN_AS_NODE = 1
# default
.FEATURES := target-specific order-only second-expansion else-if archives jobserver check-symlink
# environment
LS_COLORS = di=1;36:ln=35:so=32:pi=33:ex=31:bd=34;46:cd=34;43:su=30;41:sg=30;46:tw=30;42:ow=30;43
# environment
SSH_AUTH_SOCK = /private/tmp/com.apple.launchd.ZfSwXJRJw3/Listeners
# automatic
%F = $(notdir $%)
# environment
PWD = /Users/tigpetro/Desktop/42cursus/CPP/C++ module 0/ex00
# environment
ORIGINAL_XDG_CURRENT_DESKTOP = undefined
# makefile (from `Makefile', line 2)
GREEN = \033[1;32m
# environment
VSCODE_AMD_ENTRYPOINT = vs/workbench/api/node/extensionHostProcess
# environment
HOME = /Users/tigpetro
# default
MAKEFILEPATH := /Applications/Xcode.app/Contents/Developer/Makefiles
# environment
VSCODE_CODE_CACHE_PATH = /Users/tigpetro/Library/Application Support/Code/CachedData/af28b32d7e553898b2a91af498b1fb666fdebe0c
# environment
LOGNAME = tigpetro
# environment
APPLICATION_INSIGHTS_NO_DIAGNOSTIC_CHANNEL = true
# environment
ZSH = /Users/tigpetro/.oh-my-zsh
# environment
VSCODE_HANDLES_UNCAUGHT_ERRORS = true
# automatic
^D = $(patsubst %/,%,$(dir $^))
# environment
XPC_FLAGS = 0x0
# environment
COLORTERM = truecolor
# default
MAKE = $(MAKE_COMMAND)
# default
MAKECMDGOALS := all
# makefile (from `Makefile', line 10)
SRCS = $(wildcard $(SRCSPATH)*.cpp)
# environment
SHLVL = 2
# makefile (from `Makefile', line 5)
SKY = \033[1;36m
# default
MAKE_VERSION := 3.81
# environment
USER = tigpetro
# makefile
.DEFAULT_GOAL := all
# environment
TERM_SESSION_ID = w0t0p0:9319D991-3EED-4683-B4AC-0CF7E69604AB
# makefile (from `Makefile', line 15)
NAME = megaphone
# environment
LESS = -R
# automatic
%D = $(patsubst %/,%,$(dir $%))
# default
MAKE_COMMAND := /Applications/Xcode.app/Contents/Developer/usr/bin/make
# environment
TERM_PROGRAM = iTerm.app
# default
.VARIABLES := 
# environment
TMPDIR = /var/folders/zz/zyxvpxvq6csfxvn_n000cjk40034cj/T/
# automatic
*F = $(notdir $*)
# environment
VSCODE_IPC_HOOK = /Users/tigpetro/Library/Application Support/Code/1.85-main.sock
# environment
MallocNanoZone = 0
# makefile (from `Makefile', line 1)
RED = \033[1;31m
# makefile
MAKEFLAGS = Rrqp
# environment
MFLAGS = -Rrqp
# automatic
*D = $(patsubst %/,%,$(dir $*))
# environment
TERM_PROGRAM_VERSION = 3.2.5
# environment
XPC_SERVICE_NAME = com.microsoft.VSCode.2436
# automatic
+D = $(patsubst %/,%,$(dir $+))
# makefile (from `Makefile', line 3)
YELLOW = \033[1;33m
# automatic
+F = $(notdir $+)
# environment
ITERM_SESSION_ID = w0t0p0:9319D991-3EED-4683-B4AC-0CF7E69604AB
# environment
COLORFGBG = 7;0
# environment
__CF_USER_TEXT_ENCODING = 0x19191:0:0
# environment
COMMAND_MODE = unix2003
# default
MAKEFILES := 
# makefile (from `Makefile', line 8)
SRCSPATH = ./
# automatic
<F = $(notdir $<)
# environment
ITERM_PROFILE = Default
# environment
PAGER = less
# environment
LC_ALL = C
# makefile (from `Makefile', line 4)
RESET = \033[0;37m
# environment
SECURITYSESSIONID = 186a8
# automatic
^F = $(notdir $^)
# default
SUFFIXES := 
# default
.INCLUDE_DIRS = /usr/local/include
# environment
MAKELEVEL := 0
# environment
LANG = C
# environment
TERM = xterm-256color
# environment
VSCODE_PID = 2118
# variable set hash-table stats:
# Load=84/1024=8%, Rehash=0, Collisions=4/123=3%

# Pattern-specific Variable Values

# No pattern-specific variable values.

# Directories

# . (device 16777224, inode 1545928): 5 files, no impossibilities.

# 5 files, no impossibilities in 1 directories.

# Implicit Rules

%.o: ./%.cpp
#  commands to execute (from `Makefile', line 24):
	@$(CPP) $(CFLAGS) -c $< -o $@
	@echo "$(YELLOW) Object files have been created $(RESET)"
	

# 1 implicit rules, 0 (0.0%) terminal.

# Files

all: megaphone
#  Phony target (prerequisite of .PHONY).
#  Command-line target.
#  Implicit rule search has not been done.
#  File does not exist.
#  File has been updated.
#  Needs to be updated (-q is set).
# variable set hash-table stats:
# Load=0/32=0%, Rehash=0, Collisions=0/6=0%

.PHONY: all clean fclean re
#  Implicit rule search has not been done.
#  Modification time never checked.
#  File has not been updated.

# Not a target:
.SUFFIXES:
#  Implicit rule search has not been done.
#  Modification time never checked.
#  File has not been updated.

# Not a target:
Makefile:
#  Implicit rule search has been done.
#  Last modified 2024-08-29 21:01:26
#  File has been updated.
#  Successfully updated.
# variable set hash-table stats:
# Load=0/32=0%, Rehash=0, Collisions=0/0=0%

# Not a target:
megaphone.cpp:
#  Implicit rule search has been done.
#  Last modified 2024-08-26 17:25:39
#  File has been updated.
#  Successfully updated.
# variable set hash-table stats:
# Load=0/32=0%, Rehash=0, Collisions=0/0=0%

fclean: clean
#  Phony target (prerequisite of .PHONY).
#  Implicit rule search has not been done.
#  File does not exist.
#  File has not been updated.
#  commands to execute (from `Makefile', line 32):
	@rm -f $(NAME)
	@echo "$(RED) Executable file has been deleted $(RESET)"
	

# Not a target:
.DEFAULT:
#  Implicit rule search has not been done.
#  Modification time never checked.
#  File has not been updated.

re: fclean all
#  Phony target (prerequisite of .PHONY).
#  Implicit rule search has not been done.
#  File does not exist.
#  File has not been updated.

clean:
#  Phony target (prerequisite of .PHONY).
#  Implicit rule search has not been done.
#  File does not exist.
#  File has not been updated.
#  commands to execute (from `Makefile', line 28):
	@rm -f $(OBJS)
	@echo "$(RED) Object files have been deleted $(RESET)"
	

megaphone: megaphone.o
#  Implicit rule search has not been done.
#  File does not exist.
#  File has been updated.
#  Needs to be updated (-q is set).
# variable set hash-table stats:
# Load=0/32=0%, Rehash=0, Collisions=0/6=0%
#  commands to execute (from `Makefile', line 20):
	@$(CPP) $^ -o $@
	@echo "$(GREEN) Executable file has been created $(RESET)"
	

megaphone.o: megaphone.cpp
#  Implicit rule search has been done.
#  Implicit/static pattern stem: `megaphone'
#  File does not exist.
#  File has been updated.
#  Needs to be updated (-q is set).
# automatic
# @ := megaphone.o
# automatic
# % := 
# automatic
# * := megaphone
# automatic
# + := megaphone.cpp
# automatic
# | := 
# automatic
# < := megaphone.cpp
# automatic
# ^ := megaphone.cpp
# automatic
# ? := megaphone.cpp
# variable set hash-table stats:
# Load=8/32=25%, Rehash=0, Collisions=1/16=6%
#  commands to execute (from `Makefile', line 24):
	@$(CPP) $(CFLAGS) -c $< -o $@
	@echo "$(YELLOW) Object files have been created $(RESET)"
	

# files hash-table stats:
# Load=11/1024=1%, Rehash=0, Collisions=0/36=0%
# VPATH Search Paths

# No `vpath' search paths.

# No general (`VPATH' variable) search path.

# # of strings in strcache: 1
# # of strcache buffers: 1
# strcache size: total = 4096 / max = 4096 / min = 4096 / avg = 4096
# strcache free: total = 4087 / max = 4087 / min = 4087 / avg = 4087

# Finished Make data base on Thu Aug 29 21:02:11 2024

 
