make all --print-data-base --no-builtin-variables --no-builtin-rules --question
# GNU Make 3.81
# Copyright (C) 2006  Free Software Foundation, Inc.
# This is free software; see the source for copying conditions.
# There is NO warranty; not even for MERCHANTABILITY or FITNESS FOR A
# PARTICULAR PURPOSE.

# This program built for i386-apple-darwin11.3.0
 

# Make data base, printed on Sat Sep 14 21:25:33 2024

# Variables

# automatic
<D = $(patsubst %/,%,$(dir $<))
# automatic
?F = $(notdir $?)
# environment
VSCODE_CRASH_REPORTER_PROCESS_TYPE = extensionHost
# automatic
?D = $(patsubst %/,%,$(dir $?))
# automatic
@D = $(patsubst %/,%,$(dir $@))
# automatic
@F = $(notdir $@)
# makefile
CURDIR := /Users/tigpetro/Desktop/42cursus/CPP/C++ module 2/ex02
# makefile
SHELL = /bin/sh
# environment
VSCODE_NLS_CONFIG = {"locale":"en-us","osLocale":"en","availableLanguages":{},"_languagePackSupport":true}
# environment
_ = /usr/bin/make
# makefile (from `Makefile', line 14)
CFLAGS = -Wall -Wextra -Werror $(foreach H, $(INCLPATH), -I$(H))
# makefile (from `Makefile', line 1)
MAKEFILE_LIST :=  Makefile
# makefile (from `Makefile', line 12)
OBJS = $(patsubst $(SRCSPATH)%.cpp, $(SRCSPATH)%.o, $(SRCS))
# makefile (from `Makefile', line 7)
CPP = c++ -std=c++98
# environment
VSCODE_CWD = /
# environment
Apple_PubSub_Socket_Render = /private/tmp/com.apple.launchd.a4pfTW6sP8/Render
# environment
PATH = /usr/local/bin:/usr/bin:/bin:/usr/sbin:/sbin:/usr/local/munki
# environment
LSCOLORS = Gxfxcxdxbxegedabagacad
# environment
ELECTRON_RUN_AS_NODE = 1
# default
.FEATURES := target-specific order-only second-expansion else-if archives jobserver check-symlink
# environment
LS_COLORS = di=1;36:ln=35:so=32:pi=33:ex=31:bd=34;46:cd=34;43:su=30;41:sg=30;46:tw=30;42:ow=30;43
# environment
SSH_AUTH_SOCK = /private/tmp/com.apple.launchd.FR1KMf5YUl/Listeners
# automatic
%F = $(notdir $%)
# environment
PWD = /Users/tigpetro/Desktop/42cursus/CPP/C++ module 2/ex02
# environment
ORIGINAL_XDG_CURRENT_DESKTOP = undefined
# makefile (from `Makefile', line 2)
GREEN = \033[1;32m
# environment
VSCODE_AMD_ENTRYPOINT = vs/workbench/api/node/extensionHostProcess
# environment
HOME = /Users/tigpetro
# default
MAKEFILEPATH = $(shell /usr/bin/xcode-select -print-path 2>/dev/null || echo /Developer)/Makefiles
# environment
VSCODE_CODE_CACHE_PATH = /Users/tigpetro/Library/Application Support/Code/CachedData/af28b32d7e553898b2a91af498b1fb666fdebe0c
# environment
LOGNAME = tigpetro
# environment
APPLICATION_INSIGHTS_NO_DIAGNOSTIC_CHANNEL = true
# environment
ZSH = /Users/tigpetro/.oh-my-zsh
# environment
VSCODE_HANDLES_UNCAUGHT_ERRORS = true
# automatic
^D = $(patsubst %/,%,$(dir $^))
# environment
XPC_FLAGS = 0x0
# default
MAKE = $(MAKE_COMMAND)
# default
MAKECMDGOALS := all
# makefile (from `Makefile', line 11)
SRCS = $(wildcard $(SRCSPATH)*.cpp)
# environment
SHLVL = 2
# makefile (from `Makefile', line 5)
SKY = \033[1;36m
# default
MAKE_VERSION := 3.81
# environment
USER = tigpetro
# makefile
.DEFAULT_GOAL := all
# environment
TERM_SESSION_ID = EF54C0A8-6727-4C11-BF99-36D0F3A0856A
# makefile (from `Makefile', line 16)
NAME = a.out
# environment
LESS = -R
# automatic
%D = $(patsubst %/,%,$(dir $%))
# default
MAKE_COMMAND := /Library/Developer/CommandLineTools/usr/bin/make
# environment
TERM_PROGRAM = Apple_Terminal
# default
.VARIABLES := 
# environment
TMPDIR = /var/folders/zz/zyxvpxvq6csfxvn_n000cjk40034cj/T/
# automatic
*F = $(notdir $*)
# environment
VSCODE_IPC_HOOK = /Users/tigpetro/Library/Application Support/Code/1.85-main.sock
# environment
MallocNanoZone = 0
# makefile (from `Makefile', line 1)
RED = \033[1;31m
# makefile
MAKEFLAGS = Rrqp
# environment
MFLAGS = -Rrqp
# automatic
*D = $(patsubst %/,%,$(dir $*))
# environment
TERM_PROGRAM_VERSION = 421.2
# environment
XPC_SERVICE_NAME = com.microsoft.VSCode.2296
# automatic
+D = $(patsubst %/,%,$(dir $+))
# makefile (from `Makefile', line 3)
YELLOW = \033[1;33m
# automatic
+F = $(notdir $+)
# environment
__CF_USER_TEXT_ENCODING = 0x19191:0:0
# default
MAKEFILES := 
# makefile (from `Makefile', line 8)
SRCSPATH = ./
# automatic
<F = $(notdir $<)
# environment
PAGER = less
# environment
LC_ALL = C
# makefile (from `Makefile', line 4)
RESET = \033[0;37m
# automatic
^F = $(notdir $^)
# default
SUFFIXES := 
# makefile (from `Makefile', line 9)
INCLPATH = ./
# default
.INCLUDE_DIRS = /usr/local/include
# environment
MAKELEVEL := 0
# environment
LANG = C
# environment
TERM = xterm-256color
# environment
VSCODE_PID = 1182
# variable set hash-table stats:
# Load=79/1024=8%, Rehash=0, Collisions=4/119=3%

# Pattern-specific Variable Values

# No pattern-specific variable values.

# Directories

# . (device 16777224, inode 1707013): 7 files, no impossibilities.

# 7 files, no impossibilities in 1 directories.

# Implicit Rules

%.o: ./%.cpp
#  commands to execute (from `Makefile', line 25):
	@$(CPP) $(CFLAGS) -c $< -o $@
	@echo "$(YELLOW) Object files have been created $(RESET)"
	

 
# 1 implicit rules, 0 (0.0%) terminal.

# Files

all: a.out
#  Phony target (prerequisite of .PHONY).
#  Command-line target.
#  Implicit rule search has not been done.
#  File does not exist.
#  File has been updated.
#  Needs to be updated (-q is set).
# variable set hash-table stats:
# Load=0/32=0%, Rehash=0, Collisions=0/7=0%

.PHONY: all clean fclean re
#  Implicit rule search has not been done.
#  Modification time never checked.
#  File has not been updated.

# Not a target:
Fixed.cpp:
#  Implicit rule search has been done.
#  Last modified 2024-09-14 20:49:32
#  File has been updated.
#  Successfully updated.
# variable set hash-table stats:
# Load=0/32=0%, Rehash=0, Collisions=0/0=0%

# Not a target:
.SUFFIXES:
#  Implicit rule search has not been done.
#  Modification time never checked.
#  File has not been updated.

# Not a target:
Makefile:
#  Implicit rule search has been done.
#  Last modified 2024-09-14 21:23:03
#  File has been updated.
#  Successfully updated.
# variable set hash-table stats:
# Load=0/32=0%, Rehash=0, Collisions=0/0=0%

a.out: Fixed.o main.o
#  Implicit rule search has not been done.
#  File does not exist.
#  File has been updated.
#  Needs to be updated (-q is set).
# variable set hash-table stats:
# Load=0/32=0%, Rehash=0, Collisions=0/7=0%
#  commands to execute (from `Makefile', line 21):
	@$(CPP) $^ -o $@
	@echo "$(GREEN) Executable file has been created $(RESET)"
	

fclean: clean
#  Phony target (prerequisite of .PHONY).
#  Implicit rule search has not been done.
#  File does not exist.
#  File has not been updated.
#  commands to execute (from `Makefile', line 33):
	@rm -f $(NAME)
	@echo "$(RED) Executable file has been deleted $(RESET)"
	

# Not a target:
.DEFAULT:
#  Implicit rule search has not been done.
#  Modification time never checked.
#  File has not been updated.

re: fclean all
#  Phony target (prerequisite of .PHONY).
#  Implicit rule search has not been done.
#  File does not exist.
#  File has not been updated.

clean:
#  Phony target (prerequisite of .PHONY).
#  Implicit rule search has not been done.
#  File does not exist.
#  File has not been updated.
#  commands to execute (from `Makefile', line 29):
	@rm -f $(OBJS)
	@echo "$(RED) Object files have been deleted $(RESET)"
	

Fixed.o: Fixed.cpp
#  Implicit rule search has been done.
#  Implicit/static pattern stem: `Fixed'
#  File does not exist.
#  File has been updated.
#  Needs to be updated (-q is set).
# automatic
# @ := Fixed.o
# automatic
# % := 
# automatic
# * := Fixed
# automatic
# + := Fixed.cpp
# automatic
# | := 
# automatic
# < := Fixed.cpp
# automatic
# ^ := Fixed.cpp
# automatic
# ? := Fixed.cpp
# variable set hash-table stats:
# Load=8/32=25%, Rehash=0, Collisions=1/17=6%
#  commands to execute (from `Makefile', line 25):
	@$(CPP) $(CFLAGS) -c $< -o $@
	@echo "$(YELLOW) Object files have been created $(RESET)"
	

# Not a target:
main.o:
#  Implicit rule search has not been done.
#  Modification time never checked.
#  File has not been updated.

# files hash-table stats:
# Load=12/1024=1%, Rehash=0, Collisions=0/38=0%
# VPATH Search Paths

# No `vpath' search paths.

# No general (`VPATH' variable) search path.

# # of strings in strcache: 1
# # of strcache buffers: 1
# strcache size: total = 4096 / max = 4096 / min = 4096 / avg = 4096
# strcache free: total = 4087 / max = 4087 / min = 4087 / avg = 4087

# Finished Make data base on Sat Sep 14 21:25:33 2024

 
